<?xml version="1.0" encoding="UTF-8"?>
<testng-results ignored="0" total="1" passed="1" failed="0" skipped="0">
  <reporter-output>
  </reporter-output>
  <suite started-at="2020-08-29T18:05:36 IST" name="Suite" finished-at="2020-08-29T18:07:49 IST" duration-ms="133236">
    <groups>
    </groups>
    <test started-at="2020-08-29T18:05:36 IST" name="Telstra Amazon" finished-at="2020-08-29T18:07:49 IST" duration-ms="133236">
      <class name="com.app.Test.AmazonTest">
        <test-method is-config="true" signature="fileInputStrema()[pri:0, instance:com.app.Test.AmazonTest@2826f61]" started-at="2020-08-29T18:05:36 IST" name="fileInputStrema" finished-at="2020-08-29T18:05:36 IST" duration-ms="11" status="PASS">
          <reporter-output>
          </reporter-output>
        </test-method> <!-- fileInputStrema -->
        <test-method signature="validateAddToCartFeature()[pri:0, instance:com.app.Test.AmazonTest@2826f61]" started-at="2020-08-29T18:05:36 IST" name="validateAddToCartFeature" description="Validate Add 55 Inch TV and Checkout Feature" finished-at="2020-08-29T18:07:48 IST" duration-ms="132141" status="PASS">
          <reporter-output>
          </reporter-output>
        </test-method> <!-- validateAddToCartFeature -->
        <test-method is-config="true" signature="stopAppiumServer()[pri:0, instance:com.app.Test.AmazonTest@2826f61]" started-at="2020-08-29T18:07:48 IST" name="stopAppiumServer" finished-at="2020-08-29T18:07:49 IST" duration-ms="1040" status="PASS">
          <reporter-output>
          </reporter-output>
        </test-method> <!-- stopAppiumServer -->
      </class> <!-- com.app.Test.AmazonTest -->
    </test> <!-- Telstra Amazon -->
  </suite> <!-- Suite -->
</testng-results>
